
      [2026-02-15T02:03:52.521Z] [WARN]  [MEDIUM] [2026-02-15T02:03:52.520Z] [trading/api] AppError: [trading/api] Failed to start
      [2026-02-15T02:03:52.617Z] [WARN]  [MEDIUM] [2026-02-15T02:03:52.617Z] [trading/api] AppError: [trading/api] Failed to stop
FAIL app/lib/services/__tests__/feature-calculation-service.test.ts
FAIL app/lib/aiAnalytics/__tests__/ModelMonitor.test.ts
FAIL app/lib/utils/__tests__/memoize.test.ts
      [2026-02-15T02:03:59.876Z] [ERROR]  ❌ Environment Validation Failed:
      [2026-02-15T02:03:59.890Z] [ERROR]  ❌ Environment Validation Failed:
      [2026-02-15T02:03:59.894Z] [ERROR]  ❌ Environment Validation Failed:
      [2026-02-15T02:03:59.902Z] [ERROR]  ❌ Environment Validation Failed:
      [2026-02-15T02:03:59.906Z] [ERROR]  ❌ Environment Validation Failed:
      [2026-02-15T02:03:59.908Z] [ERROR]  ❌ Environment Validation Failed:
      [2026-02-15T02:03:59.938Z] [ERROR]  ❌ Environment Validation Failed:
      [2026-02-15T02:03:59.940Z] [ERROR]  ❌ Environment Validation Failed:
      [2026-02-15T02:03:59.950Z] [ERROR]  ❌ Environment Validation Failed:
      [2026-02-15T02:03:59.953Z] [ERROR]  ❌ Environment Validation Failed:
      [2026-02-15T02:03:59.958Z] [ERROR]  ❌ Environment Validation Failed:
FAIL app/lib/services/__tests__/ml-model-service-di.test.ts
      [2026-02-15T02:04:00.718Z] [WARN]  [MEDIUM] [2026-02-15T02:04:00.717Z] [market/history] AppError: [market/history] API Fail
      [2026-02-15T02:04:00.756Z] [WARN]  [MEDIUM] [2026-02-15T02:04:00.756Z] [market/batch-quote] AppError: [market/batch-quote] Batch Fail
      [PerformanceScreener] Failed to evaluate ERROR: Error: Fetch failed
    > 199 |         console.warn(`[PerformanceScreener] Failed to evaluate ${ds.symbol}:`, error);
      [2026-02-15T02:04:01.988Z] [ERROR]  Batch fetch failed: Error: AbortError: Aborted
      [2026-02-15T02:04:02.038Z] [ERROR]  Batch fetch failed: Error: AbortError: Aborted
      [2026-02-15T02:04:02.042Z] [ERROR]  Batch fetch failed: Error: AbortError: signal is aborted without reason
      [2026-02-15T02:04:03.109Z] [ERROR] [useAIPerformance] Precise hit rate fetch failed: TypeError: Cannot read properties of undefined (reading 'ok')
      [2026-02-15T02:04:03.608Z] [ERROR] [useAIPerformance] Precise hit rate fetch failed: Error: Failed to fetch history: Internal Server Error
      [2026-02-15T02:04:03.920Z] [ERROR] [useAIPerformance] Precise hit rate fetch failed: Error: Failed to fetch history: Error
      [2026-02-15T02:04:04.059Z] [ERROR] [useAIPerformance] Precise hit rate fetch failed: Error: Calculation failed
      [2026-02-15T02:04:04.370Z] [ERROR] [useAIPerformance] Precise hit rate fetch failed: Error: Failed to fetch history: Error
FAIL app/lib/__tests__/unified-error-handling.integration.test.ts
      120 |         // Silently handle quote fetch failures
      120 |         // Silently handle quote fetch failures
      120 |         // Silently handle quote fetch failures
      120 |         // Silently handle quote fetch failures
      120 |         // Silently handle quote fetch failures
      120 |         // Silently handle quote fetch failures
      [2026-02-15T02:04:06.581Z] [ERROR]  [Performance] error-func failed after 0.11ms: Error: Test error
      [2026-02-15T02:04:06.632Z] [ERROR]  [Performance] error-async-func failed after 0.56ms: Error: Async error
      [2026-02-15T02:04:06.649Z] [ERROR]  [Performance] async-error-decorator failed after 0.39ms: Error: Async decorator error
FAIL app/lib/__tests__/WinningTradingSystem.test.ts
      [2026-02-15T02:04:10.101Z] [ERROR]  [Performance] test-error failed after 0.70ms: Error: Test error
      [2026-02-15T02:04:10.165Z] [ERROR]  [Performance] test-async-error failed after 0.46ms: Error: Async error
      [2026-02-15T02:03:59.730Z] [WARN]  [Aggregator] Failed to update data for TEST, using stale data.
      48 |     return NextResponse.json({ error: 'Failed to fetch real-time data' }, { status: 502 });
      [2026-02-15T02:04:11.059Z] [ERROR]  Batch fetch failed: TypeError: Cannot read properties of undefined (reading 'status')
      [2026-02-15T02:04:11.230Z] [ERROR]  Batch fetch failed: TypeError: Cannot read properties of undefined (reading 'status')
      [2026-02-15T02:04:11.263Z] [ERROR]  Batch fetch failed: TypeError: Cannot read properties of undefined (reading 'status')
      [2026-02-15T02:04:11.278Z] [ERROR]  Batch fetch failed: TypeError: Cannot read properties of undefined (reading 'status')
      [2026-02-15T02:04:11.818Z] [ERROR] [useSymbolAccuracy] Failed to calculate accuracy: TypeError: Cannot read properties of undefined (reading 'ok')
    > 177 |           setError(ERROR_MESSAGES.CALCULATION_FAILED);
      Scraper integration test failed - this is expected in environments without Playwright/Python setup: Error: Scraper failed: Python 
    > 20 |       console.warn('Scraper integration test failed - this is expected in environments without Playwright/Python setup:', error);
Summary of all failing tests
FAIL app/lib/services/__tests__/feature-calculation-service.test.ts
FAIL app/lib/aiAnalytics/__tests__/ModelMonitor.test.ts
FAIL app/lib/utils/__tests__/memoize.test.ts
FAIL app/lib/services/__tests__/ml-model-service-di.test.ts
FAIL app/lib/__tests__/unified-error-handling.integration.test.ts
FAIL app/lib/__tests__/WinningTradingSystem.test.ts
Test Suites: 6 failed, 284 passed, 290 total
Tests:       21 failed, 10 skipped, 4489 passed, 4520 total

