
    [2026-02-14T14:47:13.596Z] [ERROR]  Batch fetch failed: Error: AbortError: Aborted
    [2026-02-14T14:47:13.674Z] [ERROR]  Batch fetch failed: Error: AbortError: Aborted
    [2026-02-14T14:47:13.680Z] [ERROR]  Batch fetch failed: Error: AbortError: signal is aborted without reason
PASS app/__tests__/data-aggregator.test.ts
    √ should pass (1 ms)
    √ handles fetchMarketIndex failure gracefully (1 ms)
Test Suites: 1 passed, 1 total
Tests:       13 passed, 13 total

